<?xml version="1.0" encoding="UTF-8"?>
<testng-results ignored="0" total="8" passed="8" failed="0" skipped="0">
  <reporter-output>
  </reporter-output>
  <suite started-at="2024-01-23T11:22:16 IST" name="RestAssured Test" finished-at="2024-01-23T11:22:39 IST" duration-ms="22900">
    <groups>
    </groups>
    <test started-at="2024-01-23T11:22:16 IST" name="REST ASSURED 001" finished-at="2024-01-23T11:22:25 IST" duration-ms="8771">
      <class name="com.simplilearn.restassured001.DeleteCall">
        <test-method signature="putRequestTest()[pri:0, instance:com.simplilearn.restassured001.DeleteCall@33c911a1]" started-at="2024-01-23T11:22:24 IST" name="putRequestTest" description="Test for executing DELETE request using rest assured" finished-at="2024-01-23T11:22:25 IST" duration-ms="1240" status="PASS">
          <reporter-output>
          </reporter-output>
        </test-method> <!-- putRequestTest -->
      </class> <!-- com.simplilearn.restassured001.DeleteCall -->
      <class name="com.simplilearn.restassured001.PostCall">
        <test-method signature="postRequestTest()[pri:0, instance:com.simplilearn.restassured001.PostCall@3c3d9b6b]" started-at="2024-01-23T11:22:16 IST" name="postRequestTest" description="Test for executing POST request using rest assured" finished-at="2024-01-23T11:22:21 IST" duration-ms="4996" status="PASS">
          <reporter-output>
          </reporter-output>
        </test-method> <!-- postRequestTest -->
      </class> <!-- com.simplilearn.restassured001.PostCall -->
      <class name="com.simplilearn.restassured001.GetCall">
        <test-method signature="getRequestTest()[pri:0, instance:com.simplilearn.restassured001.GetCall@65d09a04]" started-at="2024-01-23T11:22:21 IST" name="getRequestTest" description="Test for executing GET request using rest assured" finished-at="2024-01-23T11:22:24 IST" duration-ms="2494" status="PASS">
          <reporter-output>
          </reporter-output>
        </test-method> <!-- getRequestTest -->
      </class> <!-- com.simplilearn.restassured001.GetCall -->
    </test> <!-- REST ASSURED 001 -->
    <test started-at="2024-01-23T11:22:25 IST" name="REST ASSURED 002" finished-at="2024-01-23T11:22:28 IST" duration-ms="2500">
      <class name="com.simplilearn.restassured002.PutCall">
        <test-method signature="putRequestTest()[pri:0, instance:com.simplilearn.restassured002.PutCall@740773a3]" started-at="2024-01-23T11:22:25 IST" name="putRequestTest" description="Test for executing PUT request using rest assured" finished-at="2024-01-23T11:22:28 IST" duration-ms="2498" status="PASS">
          <reporter-output>
          </reporter-output>
        </test-method> <!-- putRequestTest -->
      </class> <!-- com.simplilearn.restassured002.PutCall -->
    </test> <!-- REST ASSURED 002 -->
    <test started-at="2024-01-23T11:22:28 IST" name="REST ASSURED 003" finished-at="2024-01-23T11:22:30 IST" duration-ms="2507">
      <class name="com.simplilearn.restassured003.GetCall">
        <test-method signature="getRequestTest()[pri:0, instance:com.simplilearn.restassured003.GetCall@60015ef5]" started-at="2024-01-23T11:22:28 IST" name="getRequestTest" description="Test for executing GET request using rest assured" finished-at="2024-01-23T11:22:30 IST" duration-ms="2505" status="PASS">
          <reporter-output>
          </reporter-output>
        </test-method> <!-- getRequestTest -->
      </class> <!-- com.simplilearn.restassured003.GetCall -->
    </test> <!-- REST ASSURED 003 -->
    <test started-at="2024-01-23T11:22:30 IST" name="REST ASSURED 004" finished-at="2024-01-23T11:22:34 IST" duration-ms="3770">
      <class name="com.simplilearn.restassured004.GetAuth">
        <test-method signature="testAuthenticationToken()[pri:0, instance:com.simplilearn.restassured004.GetAuth@50caa560]" started-at="2024-01-23T11:22:30 IST" name="testAuthenticationToken" description="Test for executing GET request using rest assured" finished-at="2024-01-23T11:22:34 IST" duration-ms="3767" status="PASS">
          <reporter-output>
          </reporter-output>
        </test-method> <!-- testAuthenticationToken -->
      </class> <!-- com.simplilearn.restassured004.GetAuth -->
    </test> <!-- REST ASSURED 004 -->
    <test started-at="2024-01-23T11:22:34 IST" name="REST ASSURED 005" finished-at="2024-01-23T11:22:37 IST" duration-ms="2867">
      <class name="com.simplilearn.restassured005.GetCall">
        <test-method signature="getRequestTest()[pri:0, instance:com.simplilearn.restassured005.GetCall@45ca843]" started-at="2024-01-23T11:22:34 IST" name="getRequestTest" description="Test for executing GET request using rest assured" finished-at="2024-01-23T11:22:37 IST" duration-ms="2865" status="PASS">
          <reporter-output>
          </reporter-output>
        </test-method> <!-- getRequestTest -->
      </class> <!-- com.simplilearn.restassured005.GetCall -->
    </test> <!-- REST ASSURED 005 -->
    <test started-at="2024-01-23T11:22:37 IST" name="REST ASSURED 006" finished-at="2024-01-23T11:22:39 IST" duration-ms="2446">
      <class name="com.simplilearn.restassured006.GetCall">
        <test-method signature="getRequestTest()[pri:0, instance:com.simplilearn.restassured006.GetCall@3943a2be]" started-at="2024-01-23T11:22:37 IST" name="getRequestTest" description="Test for executing GET request using rest assured" finished-at="2024-01-23T11:22:39 IST" duration-ms="2442" status="PASS">
          <reporter-output>
          </reporter-output>
        </test-method> <!-- getRequestTest -->
      </class> <!-- com.simplilearn.restassured006.GetCall -->
    </test> <!-- REST ASSURED 006 -->
  </suite> <!-- RestAssured Test -->
</testng-results>
