<?xml version="1.0" encoding="UTF-8"?>
<!-- Generated by org.testng.reporters.JUnitXMLReporter -->
<testsuite ignored="0" hostname="Nik" failures="0" tests="3" name="REST ASSURED 001" time="8.771" errors="0" timestamp="2024-01-23T11:22:25 IST">
  <testcase classname="com.simplilearn.restassured001.PostCall" name="postRequestTest" time="4.996"/>
  <testcase classname="com.simplilearn.restassured001.GetCall" name="getRequestTest" time="2.494"/>
  <testcase classname="com.simplilearn.restassured001.DeleteCall" name="putRequestTest" time="1.24"/>
</testsuite> <!-- REST ASSURED 001 -->
